[19:24:49] [main/INFO] (FabricLoader/GameProvider) Loading Minecraft Beta 1.7.3 with Fabric Loader 0.15.6-babric.1
[19:24:49] [ForkJoinPool-1-worker-1/WARN] (FabricLoader/Metadata) Mod controlrbabl uses the version 0.1a which isn't compatible with Loader's extended semantic version format (Could not parse version number component '1a'!), SemVer is recommended for reliably evaluating dependencies and prioritizing newer version
[19:24:49] [main/INFO] (FabricLoader) Loading 49 mods:
	- alwaysmoreitems 1.4.0
	- controlrbabl 0.1a
	- fabricloader 0.15.6-babric.1
	- gambac 1.1.1
	- gcapi3 3.0.2
	- glassnetworking 1.0.3
	- java 17
	- minecraft 1.0.0-beta.7.3
	- mixinextras 0.3.2
	- modmenu 1.8.5-beta.9
	- retrocommands 0.5.4
	- spasm 0.2.2
	- spawneggs 1.9.1
	- station-achievements-v0 2.0.0-alpha.3
	- station-api-base 2.0.0-alpha.3
	- station-armor-api-v0 2.0.0-alpha.3
	- station-audio-loader-v0 2.0.0-alpha.3
	- station-biome-events-v0 2.0.0-alpha.3
	- station-blockentities-v0 2.0.0-alpha.3
	- station-blockitems-v0 2.0.0-alpha.3
	- station-blocks-v0 2.0.0-alpha.3
	- station-container-api-v0 2.0.0-alpha.3
	- station-datafixer-v0 2.0.0-alpha.3
	- station-dimensions-v0 2.0.0-alpha.3
	- station-entities-v0 2.0.0-alpha.3
	- station-flattening-v0 2.0.0-alpha.3
	- station-gui-api-v0 2.0.0-alpha.3
	- station-items-v0 2.0.0-alpha.3
	- station-keybindings-v0 2.0.0-alpha.3
	- station-lifecycle-events-v0 2.0.0-alpha.3
	- station-localization-api-v0 2.0.0-alpha.3
	- station-maths-v0 2.0.0-alpha.3
	- station-nbt-v0 2.0.0-alpha.3
	- station-networking-v0 2.0.0-alpha.3
	- station-player-api-v0 2.0.0-alpha.3
	- station-recipes-v0 2.0.0-alpha.3
	- station-registry-api-v0 2.0.0-alpha.3
	- station-registry-sync-v0 2.0.0-alpha.3
	- station-renderer-api-v0 2.0.0-alpha.3
	- station-renderer-arsenic 2.0.0-alpha.3
	- station-resource-loader-v0 2.0.0-alpha.3
	- station-templates-v0 2.0.0-alpha.3
	- station-tools-api-v1 2.0.0-alpha.3
	- station-transitive-access-wideners-v0 2.0.0-alpha.3
	- station-vanilla-checker-v0 2.0.0-alpha.3
	- station-vanilla-fix-v0 2.0.0-alpha.3
	- station-world-events-v0 2.0.0-alpha.3
	- station-worldgen-api-v0 2.0.0-alpha.3
	- stationapi 2.0.0-alpha.3
[19:24:49] [main/INFO] (FabricLoader/Mixin) SpongePowered MIXIN Subsystem Version=0.8.5 Source=file:/home/nting/.gradle/caches/modules-2/files-2.1/net.fabricmc/sponge-mixin/0.12.5+mixin.0.8.5/8d31fb97c3e0cd7c8dad3441851c523bcfae6d8e/sponge-mixin-0.12.5+mixin.0.8.5.jar Service=Knot/Fabric Env=CLIENT
[19:24:49] [main/INFO] (FabricLoader/Mixin) Loaded Fabric development mappings for mixin remapper!
[19:24:49] [main/INFO] (FabricLoader/Mixin) Compatibility level set to JAVA_17
[19:24:49] [main/INFO] (GCAPI3) Loading config factories.
[19:24:49] [main/INFO] (GCAPI3) 9 config load factories loaded.
[19:24:49] [main/INFO] (GCAPI3) 9 config save factories loaded.
[19:24:49] [main/INFO] (GCAPI3) 0 config load transformer factories loaded.
[19:24:49] [main/INFO] (GCAPI3) Loading config event listeners.
[19:24:49] [main/INFO] (GCAPI3) Loaded config event listeners.
[19:24:49] [main/INFO] (FabricLoader/MixinExtras|Service) Initializing MixinExtras via com.llamalad7.mixinextras.service.MixinExtrasServiceImpl(version=0.3.2).
[19:24:49] [main/INFO] (GCAPI3) Successfully read "alwaysmoreitems:config"'s mod configs, reading 1 categories, and 13 values.
[19:24:49] [main/INFO] (GCAPI3) Successfully saved 0 categories, containing 13 values for Always More Items(alwaysmoreitems).
[19:24:50] [main/INFO] (Station|API) Initializing Station API...
[19:24:50] [main/INFO] (Station|API) Loading entrypoints...
[19:24:50] [main/INFO] (Station|API) Setting up "station-registry-sync-v0" "stationapi:event_bus" "net.modificationstation.stationapi.impl.network.RegistryNetworkingInit" entrypoint...
[19:24:50] [main/INFO] (Station|API) Setting up "station-vanilla-fix-v0" "stationapi:event_bus" "net.modificationstation.stationapi.impl.vanillafix.block.VanillaBlockFixImpl" entrypoint...
[19:24:50] [main/INFO] (Station|API) Setting up "station-vanilla-fix-v0" "stationapi:event_bus" "net.modificationstation.stationapi.impl.vanillafix.item.VanillaItemFixImpl" entrypoint...
[19:24:50] [main/INFO] (Station|API) Setting up "station-vanilla-fix-v0" "stationapi:event_bus" "net.modificationstation.stationapi.impl.vanillafix.dimension.VanillaDimensionFixImpl" entrypoint...
[19:24:50] [main/INFO] (Station|API) Setting up "station-vanilla-fix-v0" "stationapi:event_bus" "net.modificationstation.stationapi.impl.vanillafix.recipe.VanillaFuelItemFixImpl" entrypoint...
[19:24:50] [main/INFO] (Station|API) Setting up "station-vanilla-fix-v0" "stationapi:event_bus" "net.modificationstation.stationapi.impl.vanillafix.datafixer.VanillaDataFixerImpl" entrypoint...
[19:24:50] [main/INFO] (Station|API) Setting up "alwaysmoreitems" "stationapi:event_bus" "net.glasslauncher.mods.alwaysmoreitems.util.AlwaysMoreItems" entrypoint...
[19:24:50] [main/INFO] (Station|API) Setting up "alwaysmoreitems" "stationapi:event_bus" "net.glasslauncher.mods.alwaysmoreitems.init.CommonInit" entrypoint...
[19:24:50] [main/INFO] (Station|API) Setting up "alwaysmoreitems" "stationapi:event_bus" "net.glasslauncher.mods.alwaysmoreitems.init.AfterBlockAndItemListener" entrypoint...
[19:24:50] [main/INFO] (Station|API) Setting up "alwaysmoreitems" "stationapi:event_bus" "net.glasslauncher.mods.alwaysmoreitems.init.ActionButtonListener" entrypoint...
[19:24:50] [main/INFO] (Station|API) Setting up "station-armor-api-v0" "stationapi:event_bus" "net.modificationstation.stationapi.impl.item.CustomArmorValuesImpl" entrypoint...
[19:24:50] [main/INFO] (Station|API) Setting up "station-items-v0" "stationapi:event_bus" "net.modificationstation.stationapi.impl.entity.player.ItemCustomReachImpl" entrypoint...
[19:24:50] [main/INFO] (Station|API) Setting up "station-items-v0" "stationapi:event_bus" "net.modificationstation.stationapi.impl.dispenser.CustomDispenseBehaviorImpl" entrypoint...
[19:24:50] [main/INFO] (Station|API) Setting up "spawneggs" "stationapi:event_bus" "net.danygames2014.spawneggs.SpawnEggs" entrypoint...
[19:24:50] [main/INFO] (Station|API) Setting up "station-resource-loader-v0" "stationapi:event_bus" "net.modificationstation.stationapi.impl.resource.DataReloaderImpl" entrypoint...
[19:24:50] [main/INFO] (Station|API) Setting up "station-worldgen-api-v0" "stationapi:event_bus" "net.modificationstation.stationapi.impl.worldgen.WorldgenListener" entrypoint...
[19:24:50] [main/INFO] (Station|API) Setting up "station-recipes-v0" "stationapi:event_bus" "net.modificationstation.stationapi.impl.recipe.json.JsonRecipeParserRegisterImpl" entrypoint...
[19:24:50] [main/INFO] (Station|API) Setting up "station-recipes-v0" "stationapi:event_bus" "net.modificationstation.stationapi.impl.recipe.JsonRecipeParserInit" entrypoint...
[19:24:50] [main/INFO] (Station|API) Setting up "station-recipes-v0" "stationapi:event_bus" "net.modificationstation.stationapi.impl.recipe.JsonRecipesLoader" entrypoint...
[19:24:50] [main/INFO] (Station|API) Setting up "station-recipes-v0" "stationapi:event_bus" "net.modificationstation.stationapi.api.recipe.FuelRegistry" entrypoint...
[19:24:50] [main/INFO] (Station|API) Setting up "station-networking-v0" "stationapi:event_bus" "net.modificationstation.stationapi.impl.network.packet.StationNetworkingInit" entrypoint...
[19:24:50] [main/INFO] (Station|API) Setting up "station-vanilla-checker-v0" "stationapi:event_bus" "net.modificationstation.stationapi.impl.network.VanillaChecker" entrypoint...
[19:24:50] [main/INFO] (Station|API) Setting up "controlrbabl" "stationapi:event_bus" "com.github.nt919.controlrbabl.ControlrBablMod" entrypoint...
[19:24:50] [main/ERROR] (FabricLoader) A mod crashed on startup!
net.fabricmc.loader.impl.FormattedException: java.lang.RuntimeException: Could not execute entrypoint stage 'preLaunch' due to errors, provided by 'station-api-base'!
	at net.fabricmc.loader.impl.FormattedException.ofLocalized(FormattedException.java:63) ~[fabric-loader-0.15.6-babric.1.jar:?]
	at net.fabricmc.loader.impl.launch.knot.Knot.init(Knot.java:162) ~[fabric-loader-0.15.6-babric.1.jar:?]
	at net.fabricmc.loader.impl.launch.knot.Knot.launch(Knot.java:68) ~[fabric-loader-0.15.6-babric.1.jar:?]
	at net.fabricmc.loader.impl.launch.knot.KnotClient.main(KnotClient.java:23) ~[fabric-loader-0.15.6-babric.1.jar:?]
	at net.fabricmc.devlaunchinjector.Main.main(Main.java:86) ~[dev-launch-injector-0.2.1+build.8.jar:?]
Caused by: java.lang.RuntimeException: Could not execute entrypoint stage 'preLaunch' due to errors, provided by 'station-api-base'!
	at net.fabricmc.loader.impl.FabricLoaderImpl.lambda$invokeEntrypoints$2(FabricLoaderImpl.java:388) ~[fabric-loader-0.15.6-babric.1.jar:?]
	at net.fabricmc.loader.impl.util.ExceptionUtil.gatherExceptions(ExceptionUtil.java:33) ~[fabric-loader-0.15.6-babric.1.jar:?]
	at net.fabricmc.loader.impl.FabricLoaderImpl.invokeEntrypoints(FabricLoaderImpl.java:386) ~[fabric-loader-0.15.6-babric.1.jar:?]
	at net.fabricmc.loader.impl.launch.knot.Knot.init(Knot.java:160) ~[fabric-loader-0.15.6-babric.1.jar:?]
	... 3 more
Caused by: net.mine_diver.unsafeevents.util.exception.listener.InvalidMethodParameterCountException: Method com.github.nt919.controlrbabl.ControlrBablMod#init has a wrong amount of parameters!
	at net.mine_diver.unsafeevents.listener.Listener.createReflection(Listener.java:204) ~[UnsafeEvents-17ac2971.jar:?]
	at net.mine_diver.unsafeevents.listener.Listener$ReflectionListenerBuilder.build(Listener.java:193) ~[UnsafeEvents-17ac2971.jar:?]
	at net.mine_diver.unsafeevents.listener.Listener.createObject(Listener.java:186) ~[UnsafeEvents-17ac2971.jar:?]
	at net.mine_diver.unsafeevents.listener.Listener$ObjectListenerBuilder.build(Listener.java:143) ~[UnsafeEvents-17ac2971.jar:?]
	at net.modificationstation.stationapi.api.mod.entrypoint.EntrypointManager.setup(EntrypointManager.java:80) ~[station-api-base-2.0.0-alpha.3-1.0.0.jar:?]
	at net.modificationstation.stationapi.api.mod.entrypoint.EntrypointManager.setup(EntrypointManager.java:33) ~[station-api-base-2.0.0-alpha.3-1.0.0.jar:?]
	at net.modificationstation.stationapi.api.StationAPI.lambda$setupEntrypoint$1(StationAPI.java:87) ~[station-api-base-2.0.0-alpha.3-1.0.0.jar:?]
	at java.util.ArrayList.forEach(ArrayList.java:1511) ~[?:?]
	at net.modificationstation.stationapi.api.StationAPI.setupEntrypoint(StationAPI.java:85) ~[station-api-base-2.0.0-alpha.3-1.0.0.jar:?]
	at net.modificationstation.stationapi.api.StationAPI.setupMods(StationAPI.java:70) ~[station-api-base-2.0.0-alpha.3-1.0.0.jar:?]
	at net.modificationstation.stationapi.api.StationAPI.onPreLaunch(StationAPI.java:62) ~[station-api-base-2.0.0-alpha.3-1.0.0.jar:?]
	at net.fabricmc.loader.impl.FabricLoaderImpl.invokeEntrypoints(FabricLoaderImpl.java:384) ~[fabric-loader-0.15.6-babric.1.jar:?]
	at net.fabricmc.loader.impl.launch.knot.Knot.init(Knot.java:160) ~[fabric-loader-0.15.6-babric.1.jar:?]
	... 3 more
